<?xml version="1.0" encoding="UTF-8"?>
<!-- Generated by org.testng.reporters.JUnitReportReporter -->
<testsuite hostname="QT-INBG-LT1963" failures="0" tests="1" name="AllmobilesMohan.SignUP" time="13.384" errors="0" timestamp="2022-09-19T12:46:08 IST" skipped="0">
  <testcase classname="AllmobilesMohan.SignUP" name="SignUpmethod" time="13.384"/>
  <system-out/>
</testsuite> <!-- AllmobilesMohan.SignUP -->
