<?xml version="1.0" encoding="UTF-8"?>
<!-- Generated by org.testng.reporters.JUnitReportReporter -->
<testsuite hostname="QT-INBG-LT1963" failures="0" tests="1" name="allmobileee.allmobilesss.SignUP" time="14.817" errors="0" timestamp="2022-09-19T11:59:42 IST" skipped="0">
  <testcase classname="allmobileee.allmobilesss.SignUP" name="SignUpmethod" time="14.817"/>
  <system-out/>
</testsuite> <!-- allmobileee.allmobilesss.SignUP -->
