<?xml version="1.0" encoding="UTF-8"?>
<!-- Generated by org.testng.reporters.JUnitReportReporter -->
<testsuite hostname="QT-INBG-LT1963" failures="0" tests="1" name="allmobileee.allmobilesss.Allmobile" time="26.861" errors="0" timestamp="2022-09-19T11:50:20 IST" skipped="0">
  <testcase classname="allmobileee.allmobilesss.Allmobile" name="allmobiles" time="26.861"/>
  <system-out/>
</testsuite> <!-- allmobileee.allmobilesss.Allmobile -->
