<?xml version="1.0" encoding="UTF-8"?>
<!-- Generated by org.testng.reporters.JUnitReportReporter -->
<testsuite hostname="QT-INBG-LT1963" failures="0" tests="1" name="AllmobilesMohan.SignIN" time="20.052" errors="0" timestamp="2022-09-19T12:47:32 IST" skipped="0">
  <testcase classname="AllmobilesMohan.SignIN" name="SignInmethod" time="20.052"/>
  <system-out/>
</testsuite> <!-- AllmobilesMohan.SignIN -->
