<?xml version="1.0" encoding="UTF-8"?>
<!-- Generated by org.testng.reporters.JUnitReportReporter -->
<testsuite hostname="QT-INBG-LT1963" failures="0" tests="1" name="allmobileee.allmobilesss.SignIN" time="7.962" errors="0" timestamp="2022-09-19T11:56:40 IST" skipped="0">
  <testcase classname="allmobileee.allmobilesss.SignIN" name="SignInmethod" time="7.962"/>
  <system-out/>
</testsuite> <!-- allmobileee.allmobilesss.SignIN -->
