<?xml version="1.0" encoding="UTF-8"?>
<!-- Generated by org.testng.reporters.JUnitReportReporter -->
<testsuite hostname="QT-INBG-LT1963" failures="0" tests="1" name="AllmobilesMohan.Allmobile" time="22.938" errors="0" timestamp="2022-09-19T12:46:08 IST" skipped="0">
  <testcase classname="AllmobilesMohan.Allmobile" name="allmobiles" time="22.938"/>
  <system-out/>
</testsuite> <!-- AllmobilesMohan.Allmobile -->
